Vivado Simulator 2020.2
Time resolution is 1 ps
 Block Memory Generator module loading initial data...
 Block Memory Generator data initialization complete.
Block Memory Generator module SA4_CACHE_tb.SA4_CACHE_test.ram_ip_test.inst.\native_mem_module.blk_mem_gen_v8_4_4_inst  is using a behavioral model for simulation which will not precisely model memory collision behavior.
blk_mem_gen_v8_4_4 collision detected at time: 30000, Instance: SA4_CACHE_tb.SA4_CACHE_test.ram_ip_test.inst.\native_mem_module.blk_mem_gen_v8_4_4_inst , A write address: 0, B  read address: 0
blk_mem_gen_v8_4_4 collision detected at time: 40000, Instance: SA4_CACHE_tb.SA4_CACHE_test.ram_ip_test.inst.\native_mem_module.blk_mem_gen_v8_4_4_inst , A write address: ffd4, B  read address: ffd4
blk_mem_gen_v8_4_4 collision detected at time: 50000, Instance: SA4_CACHE_tb.SA4_CACHE_test.ram_ip_test.inst.\native_mem_module.blk_mem_gen_v8_4_4_inst , A write address: ffd6, B  read address: ffd6
blk_mem_gen_v8_4_4 collision detected at time: 60000, Instance: SA4_CACHE_tb.SA4_CACHE_test.ram_ip_test.inst.\native_mem_module.blk_mem_gen_v8_4_4_inst , A write address: ffe2, B  read address: ffe2
blk_mem_gen_v8_4_4 collision detected at time: 70000, Instance: SA4_CACHE_tb.SA4_CACHE_test.ram_ip_test.inst.\native_mem_module.blk_mem_gen_v8_4_4_inst , A write address: ffe4, B  read address: ffe4
blk_mem_gen_v8_4_4 collision detected at time: 80000, Instance: SA4_CACHE_tb.SA4_CACHE_test.ram_ip_test.inst.\native_mem_module.blk_mem_gen_v8_4_4_inst , A write address: ffe6, B  read address: ffe6
blk_mem_gen_v8_4_4 collision detected at time: 90000, Instance: SA4_CACHE_tb.SA4_CACHE_test.ram_ip_test.inst.\native_mem_module.blk_mem_gen_v8_4_4_inst , A write address: ffe8, B  read address: ffe8
blk_mem_gen_v8_4_4 collision detected at time: 100000, Instance: SA4_CACHE_tb.SA4_CACHE_test.ram_ip_test.inst.\native_mem_module.blk_mem_gen_v8_4_4_inst , A write address: ffea, B  read address: ffea
blk_mem_gen_v8_4_4 collision detected at time: 110000, Instance: SA4_CACHE_tb.SA4_CACHE_test.ram_ip_test.inst.\native_mem_module.blk_mem_gen_v8_4_4_inst , A write address: ffec, B  read address: ffec
blk_mem_gen_v8_4_4 collision detected at time: 120000, Instance: SA4_CACHE_tb.SA4_CACHE_test.ram_ip_test.inst.\native_mem_module.blk_mem_gen_v8_4_4_inst , A write address: ffee, B  read address: ffee
blk_mem_gen_v8_4_4 collision detected at time: 130000, Instance: SA4_CACHE_tb.SA4_CACHE_test.ram_ip_test.inst.\native_mem_module.blk_mem_gen_v8_4_4_inst , A write address: fff0, B  read address: fff0
blk_mem_gen_v8_4_4 collision detected at time: 140000, Instance: SA4_CACHE_tb.SA4_CACHE_test.ram_ip_test.inst.\native_mem_module.blk_mem_gen_v8_4_4_inst , A write address: fff2, B  read address: fff2
blk_mem_gen_v8_4_4 collision detected at time: 150000, Instance: SA4_CACHE_tb.SA4_CACHE_test.ram_ip_test.inst.\native_mem_module.blk_mem_gen_v8_4_4_inst , A write address: fff4, B  read address: fff4
blk_mem_gen_v8_4_4 collision detected at time: 160000, Instance: SA4_CACHE_tb.SA4_CACHE_test.ram_ip_test.inst.\native_mem_module.blk_mem_gen_v8_4_4_inst , A write address: fff6, B  read address: fff6
blk_mem_gen_v8_4_4 collision detected at time: 170000, Instance: SA4_CACHE_tb.SA4_CACHE_test.ram_ip_test.inst.\native_mem_module.blk_mem_gen_v8_4_4_inst , A write address: fff8, B  read address: fff8
blk_mem_gen_v8_4_4 collision detected at time: 180000, Instance: SA4_CACHE_tb.SA4_CACHE_test.ram_ip_test.inst.\native_mem_module.blk_mem_gen_v8_4_4_inst , A write address: fffa, B  read address: fffa
blk_mem_gen_v8_4_4 collision detected at time: 190000, Instance: SA4_CACHE_tb.SA4_CACHE_test.ram_ip_test.inst.\native_mem_module.blk_mem_gen_v8_4_4_inst , A write address: fffc, B  read address: fffc
blk_mem_gen_v8_4_4 collision detected at time: 200000, Instance: SA4_CACHE_tb.SA4_CACHE_test.ram_ip_test.inst.\native_mem_module.blk_mem_gen_v8_4_4_inst , A write address: fffe, B  read address: fffe
blk_mem_gen_v8_4_4 collision detected at time: 210000, Instance: SA4_CACHE_tb.SA4_CACHE_test.ram_ip_test.inst.\native_mem_module.blk_mem_gen_v8_4_4_inst , A write address: 0, B  read address: 0
blk_mem_gen_v8_4_4 collision detected at time: 220000, Instance: SA4_CACHE_tb.SA4_CACHE_test.ram_ip_test.inst.\native_mem_module.blk_mem_gen_v8_4_4_inst , A write address: 2, B  read address: 2
blk_mem_gen_v8_4_4 collision detected at time: 230000, Instance: SA4_CACHE_tb.SA4_CACHE_test.ram_ip_test.inst.\native_mem_module.blk_mem_gen_v8_4_4_inst , A write address: 4, B  read address: 4
blk_mem_gen_v8_4_4 collision detected at time: 240000, Instance: SA4_CACHE_tb.SA4_CACHE_test.ram_ip_test.inst.\native_mem_module.blk_mem_gen_v8_4_4_inst , A write address: 6, B  read address: 6
blk_mem_gen_v8_4_4 collision detected at time: 250000, Instance: SA4_CACHE_tb.SA4_CACHE_test.ram_ip_test.inst.\native_mem_module.blk_mem_gen_v8_4_4_inst , A write address: 8, B  read address: 8
blk_mem_gen_v8_4_4 collision detected at time: 260000, Instance: SA4_CACHE_tb.SA4_CACHE_test.ram_ip_test.inst.\native_mem_module.blk_mem_gen_v8_4_4_inst , A write address: a, B  read address: a
blk_mem_gen_v8_4_4 collision detected at time: 270000, Instance: SA4_CACHE_tb.SA4_CACHE_test.ram_ip_test.inst.\native_mem_module.blk_mem_gen_v8_4_4_inst , A write address: c, B  read address: c
blk_mem_gen_v8_4_4 collision detected at time: 280000, Instance: SA4_CACHE_tb.SA4_CACHE_test.ram_ip_test.inst.\native_mem_module.blk_mem_gen_v8_4_4_inst , A write address: e, B  read address: e
blk_mem_gen_v8_4_4 collision detected at time: 290000, Instance: SA4_CACHE_tb.SA4_CACHE_test.ram_ip_test.inst.\native_mem_module.blk_mem_gen_v8_4_4_inst , A write address: 10, B  read address: 10
blk_mem_gen_v8_4_4 collision detected at time: 300000, Instance: SA4_CACHE_tb.SA4_CACHE_test.ram_ip_test.inst.\native_mem_module.blk_mem_gen_v8_4_4_inst , A write address: 12, B  read address: 12
blk_mem_gen_v8_4_4 collision detected at time: 310000, Instance: SA4_CACHE_tb.SA4_CACHE_test.ram_ip_test.inst.\native_mem_module.blk_mem_gen_v8_4_4_inst , A write address: 14, B  read address: 14
blk_mem_gen_v8_4_4 collision detected at time: 320000, Instance: SA4_CACHE_tb.SA4_CACHE_test.ram_ip_test.inst.\native_mem_module.blk_mem_gen_v8_4_4_inst , A write address: 16, B  read address: 16
blk_mem_gen_v8_4_4 collision detected at time: 330000, Instance: SA4_CACHE_tb.SA4_CACHE_test.ram_ip_test.inst.\native_mem_module.blk_mem_gen_v8_4_4_inst , A write address: 18, B  read address: 18
blk_mem_gen_v8_4_4 collision detected at time: 340000, Instance: SA4_CACHE_tb.SA4_CACHE_test.ram_ip_test.inst.\native_mem_module.blk_mem_gen_v8_4_4_inst , A write address: 1a, B  read address: 1a
blk_mem_gen_v8_4_4 collision detected at time: 350000, Instance: SA4_CACHE_tb.SA4_CACHE_test.ram_ip_test.inst.\native_mem_module.blk_mem_gen_v8_4_4_inst , A write address: 1c, B  read address: 1c
blk_mem_gen_v8_4_4 collision detected at time: 360000, Instance: SA4_CACHE_tb.SA4_CACHE_test.ram_ip_test.inst.\native_mem_module.blk_mem_gen_v8_4_4_inst , A write address: 1e, B  read address: 1e
blk_mem_gen_v8_4_4 collision detected at time: 370000, Instance: SA4_CACHE_tb.SA4_CACHE_test.ram_ip_test.inst.\native_mem_module.blk_mem_gen_v8_4_4_inst , A write address: 20, B  read address: 20
blk_mem_gen_v8_4_4 collision detected at time: 380000, Instance: SA4_CACHE_tb.SA4_CACHE_test.ram_ip_test.inst.\native_mem_module.blk_mem_gen_v8_4_4_inst , A write address: 22, B  read address: 22
blk_mem_gen_v8_4_4 collision detected at time: 390000, Instance: SA4_CACHE_tb.SA4_CACHE_test.ram_ip_test.inst.\native_mem_module.blk_mem_gen_v8_4_4_inst , A write address: 24, B  read address: 24
blk_mem_gen_v8_4_4 collision detected at time: 400000, Instance: SA4_CACHE_tb.SA4_CACHE_test.ram_ip_test.inst.\native_mem_module.blk_mem_gen_v8_4_4_inst , A write address: 26, B  read address: 26
blk_mem_gen_v8_4_4 collision detected at time: 410000, Instance: SA4_CACHE_tb.SA4_CACHE_test.ram_ip_test.inst.\native_mem_module.blk_mem_gen_v8_4_4_inst , A write address: 28, B  read address: 28
blk_mem_gen_v8_4_4 collision detected at time: 420000, Instance: SA4_CACHE_tb.SA4_CACHE_test.ram_ip_test.inst.\native_mem_module.blk_mem_gen_v8_4_4_inst , A write address: 2a, B  read address: 2a
blk_mem_gen_v8_4_4 collision detected at time: 430000, Instance: SA4_CACHE_tb.SA4_CACHE_test.ram_ip_test.inst.\native_mem_module.blk_mem_gen_v8_4_4_inst , A write address: 2c, B  read address: 2c
blk_mem_gen_v8_4_4 collision detected at time: 440000, Instance: SA4_CACHE_tb.SA4_CACHE_test.ram_ip_test.inst.\native_mem_module.blk_mem_gen_v8_4_4_inst , A write address: 2e, B  read address: 2e
blk_mem_gen_v8_4_4 collision detected at time: 450000, Instance: SA4_CACHE_tb.SA4_CACHE_test.ram_ip_test.inst.\native_mem_module.blk_mem_gen_v8_4_4_inst , A write address: 30, B  read address: 30
blk_mem_gen_v8_4_4 collision detected at time: 460000, Instance: SA4_CACHE_tb.SA4_CACHE_test.ram_ip_test.inst.\native_mem_module.blk_mem_gen_v8_4_4_inst , A write address: 32, B  read address: 32
blk_mem_gen_v8_4_4 collision detected at time: 470000, Instance: SA4_CACHE_tb.SA4_CACHE_test.ram_ip_test.inst.\native_mem_module.blk_mem_gen_v8_4_4_inst , A write address: 34, B  read address: 34
blk_mem_gen_v8_4_4 collision detected at time: 480000, Instance: SA4_CACHE_tb.SA4_CACHE_test.ram_ip_test.inst.\native_mem_module.blk_mem_gen_v8_4_4_inst , A write address: 36, B  read address: 36
blk_mem_gen_v8_4_4 collision detected at time: 490000, Instance: SA4_CACHE_tb.SA4_CACHE_test.ram_ip_test.inst.\native_mem_module.blk_mem_gen_v8_4_4_inst , A write address: 38, B  read address: 38
blk_mem_gen_v8_4_4 collision detected at time: 500000, Instance: SA4_CACHE_tb.SA4_CACHE_test.ram_ip_test.inst.\native_mem_module.blk_mem_gen_v8_4_4_inst , A write address: 3a, B  read address: 3a
blk_mem_gen_v8_4_4 collision detected at time: 510000, Instance: SA4_CACHE_tb.SA4_CACHE_test.ram_ip_test.inst.\native_mem_module.blk_mem_gen_v8_4_4_inst , A write address: 3c, B  read address: 3c
blk_mem_gen_v8_4_4 collision detected at time: 520000, Instance: SA4_CACHE_tb.SA4_CACHE_test.ram_ip_test.inst.\native_mem_module.blk_mem_gen_v8_4_4_inst , A write address: 3e, B  read address: 3e
blk_mem_gen_v8_4_4 collision detected at time: 530000, Instance: SA4_CACHE_tb.SA4_CACHE_test.ram_ip_test.inst.\native_mem_module.blk_mem_gen_v8_4_4_inst , A write address: c7c4, B  read address: c7c4
blk_mem_gen_v8_4_4 collision detected at time: 540000, Instance: SA4_CACHE_tb.SA4_CACHE_test.ram_ip_test.inst.\native_mem_module.blk_mem_gen_v8_4_4_inst , A write address: 3658, B  read address: 3658
blk_mem_gen_v8_4_4 collision detected at time: 550000, Instance: SA4_CACHE_tb.SA4_CACHE_test.ram_ip_test.inst.\native_mem_module.blk_mem_gen_v8_4_4_inst , A write address: 365a, B  read address: 365a
blk_mem_gen_v8_4_4 collision detected at time: 560000, Instance: SA4_CACHE_tb.SA4_CACHE_test.ram_ip_test.inst.\native_mem_module.blk_mem_gen_v8_4_4_inst , A write address: 32a8, B  read address: 32a8
blk_mem_gen_v8_4_4 collision detected at time: 570000, Instance: SA4_CACHE_tb.SA4_CACHE_test.ram_ip_test.inst.\native_mem_module.blk_mem_gen_v8_4_4_inst , A write address: 365c, B  read address: 365c
blk_mem_gen_v8_4_4 collision detected at time: 580000, Instance: SA4_CACHE_tb.SA4_CACHE_test.ram_ip_test.inst.\native_mem_module.blk_mem_gen_v8_4_4_inst , A write address: 3660, B  read address: 3660
blk_mem_gen_v8_4_4 collision detected at time: 590000, Instance: SA4_CACHE_tb.SA4_CACHE_test.ram_ip_test.inst.\native_mem_module.blk_mem_gen_v8_4_4_inst , A write address: 2, B  read address: 2
blk_mem_gen_v8_4_4 collision detected at time: 600000, Instance: SA4_CACHE_tb.SA4_CACHE_test.ram_ip_test.inst.\native_mem_module.blk_mem_gen_v8_4_4_inst , A write address: 365c, B  read address: 365c
blk_mem_gen_v8_4_4 collision detected at time: 610000, Instance: SA4_CACHE_tb.SA4_CACHE_test.ram_ip_test.inst.\native_mem_module.blk_mem_gen_v8_4_4_inst , A write address: 3658, B  read address: 3658
blk_mem_gen_v8_4_4 collision detected at time: 620000, Instance: SA4_CACHE_tb.SA4_CACHE_test.ram_ip_test.inst.\native_mem_module.blk_mem_gen_v8_4_4_inst , A write address: 365a, B  read address: 365a
blk_mem_gen_v8_4_4 collision detected at time: 630000, Instance: SA4_CACHE_tb.SA4_CACHE_test.ram_ip_test.inst.\native_mem_module.blk_mem_gen_v8_4_4_inst , A write address: 32a8, B  read address: 32a8
blk_mem_gen_v8_4_4 collision detected at time: 640000, Instance: SA4_CACHE_tb.SA4_CACHE_test.ram_ip_test.inst.\native_mem_module.blk_mem_gen_v8_4_4_inst , A write address: 365e, B  read address: 365e
blk_mem_gen_v8_4_4 collision detected at time: 650000, Instance: SA4_CACHE_tb.SA4_CACHE_test.ram_ip_test.inst.\native_mem_module.blk_mem_gen_v8_4_4_inst , A write address: ffd6, B  read address: ffd6
blk_mem_gen_v8_4_4 collision detected at time: 660000, Instance: SA4_CACHE_tb.SA4_CACHE_test.ram_ip_test.inst.\native_mem_module.blk_mem_gen_v8_4_4_inst , A write address: 365e, B  read address: 365e
blk_mem_gen_v8_4_4 collision detected at time: 670000, Instance: SA4_CACHE_tb.SA4_CACHE_test.ram_ip_test.inst.\native_mem_module.blk_mem_gen_v8_4_4_inst , A write address: ffda, B  read address: ffda
blk_mem_gen_v8_4_4 collision detected at time: 680000, Instance: SA4_CACHE_tb.SA4_CACHE_test.ram_ip_test.inst.\native_mem_module.blk_mem_gen_v8_4_4_inst , A write address: ffda, B  read address: ffda
blk_mem_gen_v8_4_4 collision detected at time: 690000, Instance: SA4_CACHE_tb.SA4_CACHE_test.ram_ip_test.inst.\native_mem_module.blk_mem_gen_v8_4_4_inst , A write address: 3660, B  read address: 3660
blk_mem_gen_v8_4_4 collision detected at time: 700000, Instance: SA4_CACHE_tb.SA4_CACHE_test.ram_ip_test.inst.\native_mem_module.blk_mem_gen_v8_4_4_inst , A write address: 2, B  read address: 2
blk_mem_gen_v8_4_4 collision detected at time: 710000, Instance: SA4_CACHE_tb.SA4_CACHE_test.ram_ip_test.inst.\native_mem_module.blk_mem_gen_v8_4_4_inst , A write address: 365c, B  read address: 365c
blk_mem_gen_v8_4_4 collision detected at time: 720000, Instance: SA4_CACHE_tb.SA4_CACHE_test.ram_ip_test.inst.\native_mem_module.blk_mem_gen_v8_4_4_inst , A write address: 3658, B  read address: 3658
blk_mem_gen_v8_4_4 collision detected at time: 730000, Instance: SA4_CACHE_tb.SA4_CACHE_test.ram_ip_test.inst.\native_mem_module.blk_mem_gen_v8_4_4_inst , A write address: 365a, B  read address: 365a
blk_mem_gen_v8_4_4 collision detected at time: 740000, Instance: SA4_CACHE_tb.SA4_CACHE_test.ram_ip_test.inst.\native_mem_module.blk_mem_gen_v8_4_4_inst , A write address: 32a8, B  read address: 32a8
blk_mem_gen_v8_4_4 collision detected at time: 750000, Instance: SA4_CACHE_tb.SA4_CACHE_test.ram_ip_test.inst.\native_mem_module.blk_mem_gen_v8_4_4_inst , A write address: 365e, B  read address: 365e
blk_mem_gen_v8_4_4 collision detected at time: 760000, Instance: SA4_CACHE_tb.SA4_CACHE_test.ram_ip_test.inst.\native_mem_module.blk_mem_gen_v8_4_4_inst , A write address: ffd6, B  read address: ffd6
blk_mem_gen_v8_4_4 collision detected at time: 770000, Instance: SA4_CACHE_tb.SA4_CACHE_test.ram_ip_test.inst.\native_mem_module.blk_mem_gen_v8_4_4_inst , A write address: 365e, B  read address: 365e
blk_mem_gen_v8_4_4 collision detected at time: 780000, Instance: SA4_CACHE_tb.SA4_CACHE_test.ram_ip_test.inst.\native_mem_module.blk_mem_gen_v8_4_4_inst , A write address: ffd0, B  read address: ffd0
blk_mem_gen_v8_4_4 collision detected at time: 790000, Instance: SA4_CACHE_tb.SA4_CACHE_test.ram_ip_test.inst.\native_mem_module.blk_mem_gen_v8_4_4_inst , A write address: ffce, B  read address: ffce
blk_mem_gen_v8_4_4 collision detected at time: 800000, Instance: SA4_CACHE_tb.SA4_CACHE_test.ram_ip_test.inst.\native_mem_module.blk_mem_gen_v8_4_4_inst , A write address: ffd0, B  read address: ffd0
blk_mem_gen_v8_4_4 collision detected at time: 810000, Instance: SA4_CACHE_tb.SA4_CACHE_test.ram_ip_test.inst.\native_mem_module.blk_mem_gen_v8_4_4_inst , A write address: ffce, B  read address: ffce
blk_mem_gen_v8_4_4 collision detected at time: 820000, Instance: SA4_CACHE_tb.SA4_CACHE_test.ram_ip_test.inst.\native_mem_module.blk_mem_gen_v8_4_4_inst , A write address: ffd2, B  read address: ffd2
blk_mem_gen_v8_4_4 collision detected at time: 830000, Instance: SA4_CACHE_tb.SA4_CACHE_test.ram_ip_test.inst.\native_mem_module.blk_mem_gen_v8_4_4_inst , A write address: d370, B  read address: d370
blk_mem_gen_v8_4_4 collision detected at time: 840000, Instance: SA4_CACHE_tb.SA4_CACHE_test.ram_ip_test.inst.\native_mem_module.blk_mem_gen_v8_4_4_inst , A write address: 9d12, B  read address: 9d12
blk_mem_gen_v8_4_4 collision detected at time: 850000, Instance: SA4_CACHE_tb.SA4_CACHE_test.ram_ip_test.inst.\native_mem_module.blk_mem_gen_v8_4_4_inst , A write address: d36c, B  read address: d36c
blk_mem_gen_v8_4_4 collision detected at time: 860000, Instance: SA4_CACHE_tb.SA4_CACHE_test.ram_ip_test.inst.\native_mem_module.blk_mem_gen_v8_4_4_inst , A write address: d368, B  read address: d368
blk_mem_gen_v8_4_4 collision detected at time: 870000, Instance: SA4_CACHE_tb.SA4_CACHE_test.ram_ip_test.inst.\native_mem_module.blk_mem_gen_v8_4_4_inst , A write address: d36a, B  read address: d36a
blk_mem_gen_v8_4_4 collision detected at time: 880000, Instance: SA4_CACHE_tb.SA4_CACHE_test.ram_ip_test.inst.\native_mem_module.blk_mem_gen_v8_4_4_inst , A write address: cfb8, B  read address: cfb8
blk_mem_gen_v8_4_4 collision detected at time: 890000, Instance: SA4_CACHE_tb.SA4_CACHE_test.ram_ip_test.inst.\native_mem_module.blk_mem_gen_v8_4_4_inst , A write address: 365e, B  read address: 365e
blk_mem_gen_v8_4_4 collision detected at time: 900000, Instance: SA4_CACHE_tb.SA4_CACHE_test.ram_ip_test.inst.\native_mem_module.blk_mem_gen_v8_4_4_inst , A write address: ffda, B  read address: ffda
blk_mem_gen_v8_4_4 collision detected at time: 910000, Instance: SA4_CACHE_tb.SA4_CACHE_test.ram_ip_test.inst.\native_mem_module.blk_mem_gen_v8_4_4_inst , A write address: 365e, B  read address: 365e
blk_mem_gen_v8_4_4 collision detected at time: 920000, Instance: SA4_CACHE_tb.SA4_CACHE_test.ram_ip_test.inst.\native_mem_module.blk_mem_gen_v8_4_4_inst , A write address: ffde, B  read address: ffde
blk_mem_gen_v8_4_4 collision detected at time: 930000, Instance: SA4_CACHE_tb.SA4_CACHE_test.ram_ip_test.inst.\native_mem_module.blk_mem_gen_v8_4_4_inst , A write address: ffde, B  read address: ffde
blk_mem_gen_v8_4_4 collision detected at time: 940000, Instance: SA4_CACHE_tb.SA4_CACHE_test.ram_ip_test.inst.\native_mem_module.blk_mem_gen_v8_4_4_inst , A write address: ffde, B  read address: ffde
blk_mem_gen_v8_4_4 collision detected at time: 950000, Instance: SA4_CACHE_tb.SA4_CACHE_test.ram_ip_test.inst.\native_mem_module.blk_mem_gen_v8_4_4_inst , A write address: ffde, B  read address: ffde
blk_mem_gen_v8_4_4 collision detected at time: 960000, Instance: SA4_CACHE_tb.SA4_CACHE_test.ram_ip_test.inst.\native_mem_module.blk_mem_gen_v8_4_4_inst , A write address: ffcc, B  read address: ffcc
blk_mem_gen_v8_4_4 collision detected at time: 970000, Instance: SA4_CACHE_tb.SA4_CACHE_test.ram_ip_test.inst.\native_mem_module.blk_mem_gen_v8_4_4_inst , A write address: ffca, B  read address: ffca
